<?xml version="1.0" encoding="UTF-8"?>
<!-- Generated by org.testng.reporters.JUnitXMLReporter -->
<testsuite ignored="0" hostname="AbdallahAfaneh" failures="0" tests="3" name="Default test" time="10.83" errors="0" timestamp="2023-10-24T12:49:19 AST">
  <testcase classname="swaglab.Login" name="LoginWithPerformanceUser" time="3.271"/>
  <testcase classname="swaglab.Login" name="LoginWithProblemUser" time="3.204"/>
  <testcase classname="swaglab.Login" name="LoginWithStandardUSer" time="3.167"/>
</testsuite> <!-- Default test -->
